[debug] [2020-06-10T12:08:49.723Z] ----------------------------------------------------------------------
[debug] [2020-06-10T12:08:49.726Z] Command:       C:\Program Files\nodejs\node.exe C:\Users\Loiss\AppData\Roaming\npm\node_modules\firebase-tools\lib\bin\firebase.js deploy
[debug] [2020-06-10T12:08:49.726Z] CLI Version:   8.4.1
[debug] [2020-06-10T12:08:49.726Z] Platform:      win32
[debug] [2020-06-10T12:08:49.726Z] Node Version:  v14.0.0
[debug] [2020-06-10T12:08:49.728Z] Time:          Wed Jun 10 2020 13:08:49 GMT+0100 (British Summer Time)
[debug] [2020-06-10T12:08:49.728Z] ----------------------------------------------------------------------
[debug] [2020-06-10T12:08:49.728Z] 
[debug] [2020-06-10T12:08:49.739Z] > command requires scopes: ["email","openid","https://www.googleapis.com/auth/cloudplatformprojects.readonly","https://www.googleapis.com/auth/firebase","https://www.googleapis.com/auth/cloud-platform"]
[debug] [2020-06-10T12:08:49.740Z] > authorizing via signed-in user
[debug] [2020-06-10T12:08:49.740Z] [iam] checking project everyday-violence for permissions ["firebase.projects.get","firebasehosting.sites.update"]
[debug] [2020-06-10T12:08:49.743Z] > refreshing access token with scopes: ["email","https://www.googleapis.com/auth/cloud-platform","https://www.googleapis.com/auth/cloudplatformprojects.readonly","https://www.googleapis.com/auth/firebase","openid"]
[debug] [2020-06-10T12:08:49.744Z] >>> HTTP REQUEST POST https://www.googleapis.com/oauth2/v3/token  
 <request body omitted>
[debug] [2020-06-10T12:08:49.865Z] <<< HTTP RESPONSE 200 {"content-type":"application/json; charset=utf-8","vary":"X-Origin, Referer, Origin,Accept-Encoding","date":"Wed, 10 Jun 2020 12:08:51 GMT","server":"scaffolding on HTTPServer2","cache-control":"private","x-xss-protection":"0","x-frame-options":"SAMEORIGIN","x-content-type-options":"nosniff","alt-svc":"h3-27=\":443\"; ma=2592000,h3-25=\":443\"; ma=2592000,h3-T050=\":443\"; ma=2592000,h3-Q050=\":443\"; ma=2592000,h3-Q049=\":443\"; ma=2592000,h3-Q048=\":443\"; ma=2592000,h3-Q046=\":443\"; ma=2592000,h3-Q043=\":443\"; ma=2592000,quic=\":443\"; ma=2592000; v=\"46,43\"","accept-ranges":"none","transfer-encoding":"chunked"}
[debug] [2020-06-10T12:08:49.873Z] >>> HTTP REQUEST POST https://cloudresourcemanager.googleapis.com/v1/projects/everyday-violence:testIamPermissions  
 {"permissions":["firebase.projects.get","firebasehosting.sites.update"]}
[debug] [2020-06-10T12:08:50.541Z] <<< HTTP RESPONSE 200 {"content-type":"application/json; charset=UTF-8","vary":"X-Origin, Referer, Origin,Accept-Encoding","date":"Wed, 10 Jun 2020 12:08:52 GMT","server":"ESF","cache-control":"private","x-xss-protection":"0","x-frame-options":"SAMEORIGIN","x-content-type-options":"nosniff","server-timing":"gfet4t7; dur=563","alt-svc":"h3-27=\":443\"; ma=2592000,h3-25=\":443\"; ma=2592000,h3-T050=\":443\"; ma=2592000,h3-Q050=\":443\"; ma=2592000,h3-Q049=\":443\"; ma=2592000,h3-Q048=\":443\"; ma=2592000,h3-Q046=\":443\"; ma=2592000,h3-Q043=\":443\"; ma=2592000,quic=\":443\"; ma=2592000; v=\"46,43\"","accept-ranges":"none","transfer-encoding":"chunked"}
[debug] [2020-06-10T12:08:50.544Z] >>> HTTP REQUEST GET https://firebase.googleapis.com/v1beta1/projects/everyday-violence  
 
[debug] [2020-06-10T12:08:50.799Z] <<< HTTP RESPONSE 200 {"content-type":"application/json; charset=UTF-8","vary":"X-Origin, Referer, Origin,Accept-Encoding","date":"Wed, 10 Jun 2020 12:08:52 GMT","server":"ESF","cache-control":"private","x-xss-protection":"0","x-frame-options":"SAMEORIGIN","x-content-type-options":"nosniff","alt-svc":"h3-27=\":443\"; ma=2592000,h3-25=\":443\"; ma=2592000,h3-T050=\":443\"; ma=2592000,h3-Q050=\":443\"; ma=2592000,h3-Q049=\":443\"; ma=2592000,h3-Q048=\":443\"; ma=2592000,h3-Q046=\":443\"; ma=2592000,h3-Q043=\":443\"; ma=2592000,quic=\":443\"; ma=2592000; v=\"46,43\"","accept-ranges":"none","transfer-encoding":"chunked"}
[info] 
[info] === Deploying to 'everyday-violence'...
[info] 
[info] i  deploying hosting 
[debug] [2020-06-10T12:08:50.820Z] >>> HTTP REQUEST POST https://firebasehosting.googleapis.com/v1beta1/sites/everyday-violence/versions  
 {"config":{},"labels":{"deployment-tool":"cli-firebase"}}
